  FourInARow_minimax.cpp
C:\Users\JideO\Documents\projects\AI\FourInARow_minimax\FourInARow_minimax.cpp(53,27): warning C4018: '<': signed/unsigned mismatch
C:\Users\JideO\Documents\projects\AI\FourInARow_minimax\FourInARow_minimax.cpp(54,31): warning C4018: '<=': signed/unsigned mismatch
C:\Users\JideO\Documents\projects\AI\FourInARow_minimax\FourInARow_minimax.cpp(63,27): warning C4018: '<=': signed/unsigned mismatch
C:\Users\JideO\Documents\projects\AI\FourInARow_minimax\FourInARow_minimax.cpp(64,31): warning C4018: '<': signed/unsigned mismatch
C:\Users\JideO\Documents\projects\AI\FourInARow_minimax\FourInARow_minimax.cpp(73,27): warning C4018: '<=': signed/unsigned mismatch
C:\Users\JideO\Documents\projects\AI\FourInARow_minimax\FourInARow_minimax.cpp(74,31): warning C4018: '<=': signed/unsigned mismatch
C:\Users\JideO\Documents\projects\AI\FourInARow_minimax\FourInARow_minimax.cpp(83,27): warning C4018: '<': signed/unsigned mismatch
C:\Users\JideO\Documents\projects\AI\FourInARow_minimax\FourInARow_minimax.cpp(84,31): warning C4018: '<=': signed/unsigned mismatch
C:\Users\JideO\Documents\projects\AI\FourInARow_minimax\FourInARow_minimax.cpp(102,27): warning C4018: '<': signed/unsigned mismatch
C:\Users\JideO\Documents\projects\AI\FourInARow_minimax\FourInARow_minimax.cpp(116,28): warning C4018: '>=': signed/unsigned mismatch
C:\Users\JideO\Documents\projects\AI\FourInARow_minimax\FourInARow_minimax.cpp(120,20): warning C4018: '<': signed/unsigned mismatch
C:\Users\JideO\Documents\projects\AI\FourInARow_minimax\FourInARow_minimax.cpp(135,20): warning C4018: '<': signed/unsigned mismatch
C:\Users\JideO\Documents\projects\AI\FourInARow_minimax\FourInARow_minimax.cpp(159,27): warning C4018: '<': signed/unsigned mismatch
C:\Users\JideO\Documents\projects\AI\FourInARow_minimax\FourInARow_minimax.cpp(222,31): warning C4018: '<=': signed/unsigned mismatch
C:\Users\JideO\Documents\projects\AI\FourInARow_minimax\FourInARow_minimax.cpp(223,35): warning C4018: '<': signed/unsigned mismatch
C:\Users\JideO\Documents\projects\AI\FourInARow_minimax\FourInARow_minimax.cpp(233,31): warning C4018: '<': signed/unsigned mismatch
C:\Users\JideO\Documents\projects\AI\FourInARow_minimax\FourInARow_minimax.cpp(234,35): warning C4018: '<=': signed/unsigned mismatch
C:\Users\JideO\Documents\projects\AI\FourInARow_minimax\FourInARow_minimax.cpp(244,31): warning C4018: '<=': signed/unsigned mismatch
C:\Users\JideO\Documents\projects\AI\FourInARow_minimax\FourInARow_minimax.cpp(245,35): warning C4018: '<=': signed/unsigned mismatch
C:\Users\JideO\Documents\projects\AI\FourInARow_minimax\FourInARow_minimax.cpp(255,31): warning C4018: '<=': signed/unsigned mismatch
C:\Users\JideO\Documents\projects\AI\FourInARow_minimax\FourInARow_minimax.cpp(256,35): warning C4018: '<': signed/unsigned mismatch
C:\Users\JideO\Documents\projects\AI\FourInARow_minimax\FourInARow_minimax.cpp(327,31): warning C4018: '<': signed/unsigned mismatch
C:\Users\JideO\Documents\projects\AI\FourInARow_minimax\FourInARow_minimax.cpp(333,27): warning C4018: '<': signed/unsigned mismatch
C:\Users\JideO\Documents\projects\AI\FourInARow_minimax\FourInARow_minimax.cpp(351,28): warning C4018: '>=': signed/unsigned mismatch
  FourInARow_minimax.vcxproj -> C:\Users\JideO\Documents\projects\AI\FourInARow_minimax\x64\Debug\FourInARow_minimax.exe
